[0.172s] DEBUG:colcon:Command line arguments: ['/usr/bin/colcon', 'build']
[0.173s] DEBUG:colcon:Parsed command line arguments: Namespace(log_base=None, log_level=None, verb_name='build', build_base='build', install_base='install', merge_install=False, symlink_install=False, test_result_base=None, continue_on_error=False, executor='parallel', parallel_workers=12, event_handlers=None, ignore_user_meta=False, metas=['./colcon.meta'], base_paths=['.'], packages_ignore=None, packages_ignore_regex=None, paths=None, packages_up_to=None, packages_up_to_regex=None, packages_above=None, packages_above_and_dependencies=None, packages_above_depth=None, packages_select_by_dep=None, packages_skip_by_dep=None, packages_skip_up_to=None, packages_select_build_failed=False, packages_skip_build_finished=False, packages_select_test_failures=False, packages_skip_test_passed=False, packages_select=None, packages_skip=None, packages_select_regex=None, packages_skip_regex=None, packages_start=None, packages_end=None, allow_overriding=[], cmake_args=None, cmake_target=None, cmake_target_skip_unavailable=False, cmake_clean_cache=False, cmake_clean_first=False, cmake_force_configure=False, ament_cmake_args=None, catkin_cmake_args=None, catkin_skip_building_tests=False, mixin_files=None, mixin=None, verb_parser=<colcon_mixin.mixin.mixin_argument.MixinArgumentDecorator object at 0x7b215969cd10>, verb_extension=<colcon_core.verb.build.BuildVerb object at 0x7b215969c5f0>, main=<bound method BuildVerb.main of <colcon_core.verb.build.BuildVerb object at 0x7b215969c5f0>>, mixin_verb=('build',))
[0.207s] Level 1:colcon.colcon_core.package_discovery:discover_packages(colcon_meta) check parameters
[0.207s] Level 1:colcon.colcon_core.package_discovery:discover_packages(recursive) check parameters
[0.208s] Level 1:colcon.colcon_core.package_discovery:discover_packages(ignore) check parameters
[0.208s] Level 1:colcon.colcon_core.package_discovery:discover_packages(path) check parameters
[0.208s] Level 1:colcon.colcon_core.package_discovery:discover_packages(colcon_meta) discover
[0.208s] Level 1:colcon.colcon_core.package_discovery:discover_packages(recursive) discover
[0.208s] INFO:colcon.colcon_core.package_discovery:Crawling recursively for packages in '/home/malladi-sujith-babu/ros2_ws/src/assignment-ros2-c-publisher-node-sujithmalladi-029'
[0.208s] Level 1:colcon.colcon_core.package_identification:_identify(.) by extensions ['ignore', 'ignore_ament_install']
[0.208s] Level 1:colcon.colcon_core.package_identification:_identify(.) by extension 'ignore'
[0.208s] Level 1:colcon.colcon_core.package_identification:_identify(.) by extension 'ignore_ament_install'
[0.208s] Level 1:colcon.colcon_core.package_identification:_identify(.) by extensions ['colcon_pkg']
[0.208s] Level 1:colcon.colcon_core.package_identification:_identify(.) by extension 'colcon_pkg'
[0.208s] Level 1:colcon.colcon_core.package_identification:_identify(.) by extensions ['colcon_meta']
[0.208s] Level 1:colcon.colcon_core.package_identification:_identify(.) by extension 'colcon_meta'
[0.208s] Level 1:colcon.colcon_core.package_identification:_identify(.) by extensions ['ros']
[0.208s] Level 1:colcon.colcon_core.package_identification:_identify(.) by extension 'ros'
[0.226s] DEBUG:colcon.colcon_core.package_identification:Package '.' with type 'ros.ament_cmake' and name 'ros2_publisher'
[0.226s] Level 1:colcon.colcon_core.package_discovery:discover_packages(recursive) using defaults
[0.226s] Level 1:colcon.colcon_core.package_discovery:discover_packages(ignore) discover
[0.226s] Level 1:colcon.colcon_core.package_discovery:discover_packages(ignore) using defaults
[0.226s] Level 1:colcon.colcon_core.package_discovery:discover_packages(path) discover
[0.226s] Level 1:colcon.colcon_core.package_discovery:discover_packages(path) using defaults
[0.242s] Level 1:colcon.colcon_core.package_discovery:discover_packages(prefix_path) check parameters
[0.242s] Level 1:colcon.colcon_core.package_discovery:discover_packages(prefix_path) discover
[0.245s] DEBUG:colcon.colcon_installed_package_information.package_discovery:Found 315 installed packages in /opt/ros/jazzy
[0.246s] Level 1:colcon.colcon_core.package_discovery:discover_packages(prefix_path) using defaults
[0.267s] Level 5:colcon.colcon_core.verb:set package 'ros2_publisher' build argument 'cmake_args' from command line to 'None'
[0.267s] Level 5:colcon.colcon_core.verb:set package 'ros2_publisher' build argument 'cmake_target' from command line to 'None'
[0.267s] Level 5:colcon.colcon_core.verb:set package 'ros2_publisher' build argument 'cmake_target_skip_unavailable' from command line to 'False'
[0.267s] Level 5:colcon.colcon_core.verb:set package 'ros2_publisher' build argument 'cmake_clean_cache' from command line to 'False'
[0.267s] Level 5:colcon.colcon_core.verb:set package 'ros2_publisher' build argument 'cmake_clean_first' from command line to 'False'
[0.267s] Level 5:colcon.colcon_core.verb:set package 'ros2_publisher' build argument 'cmake_force_configure' from command line to 'False'
[0.267s] Level 5:colcon.colcon_core.verb:set package 'ros2_publisher' build argument 'ament_cmake_args' from command line to 'None'
[0.267s] Level 5:colcon.colcon_core.verb:set package 'ros2_publisher' build argument 'catkin_cmake_args' from command line to 'None'
[0.267s] Level 5:colcon.colcon_core.verb:set package 'ros2_publisher' build argument 'catkin_skip_building_tests' from command line to 'False'
[0.267s] DEBUG:colcon.colcon_core.verb:Building package 'ros2_publisher' with the following arguments: {'ament_cmake_args': None, 'build_base': '/home/malladi-sujith-babu/ros2_ws/src/assignment-ros2-c-publisher-node-sujithmalladi-029/build/ros2_publisher', 'catkin_cmake_args': None, 'catkin_skip_building_tests': False, 'cmake_args': None, 'cmake_clean_cache': False, 'cmake_clean_first': False, 'cmake_force_configure': False, 'cmake_target': None, 'cmake_target_skip_unavailable': False, 'install_base': '/home/malladi-sujith-babu/ros2_ws/src/assignment-ros2-c-publisher-node-sujithmalladi-029/install/ros2_publisher', 'merge_install': False, 'path': '/home/malladi-sujith-babu/ros2_ws/src/assignment-ros2-c-publisher-node-sujithmalladi-029', 'symlink_install': False, 'test_result_base': None}
[0.267s] INFO:colcon.colcon_core.executor:Executing jobs using 'parallel' executor
[0.268s] DEBUG:colcon.colcon_parallel_executor.executor.parallel:run_until_complete
[0.268s] INFO:colcon.colcon_ros.task.ament_cmake.build:Building ROS package in '/home/malladi-sujith-babu/ros2_ws/src/assignment-ros2-c-publisher-node-sujithmalladi-029' with build type 'ament_cmake'
[0.268s] INFO:colcon.colcon_cmake.task.cmake.build:Building CMake package in '/home/malladi-sujith-babu/ros2_ws/src/assignment-ros2-c-publisher-node-sujithmalladi-029'
[0.271s] INFO:colcon.colcon_core.plugin_system:Skipping extension 'colcon_core.shell.bat': Not used on non-Windows systems
[0.271s] INFO:colcon.colcon_core.shell:Skip shell extension 'powershell' for command environment: Not usable outside of PowerShell
[0.271s] DEBUG:colcon.colcon_core.shell:Skip shell extension 'dsv' for command environment
[0.278s] DEBUG:colcon.colcon_core.event_handler.log_command:Invoking command in '/home/malladi-sujith-babu/ros2_ws/src/assignment-ros2-c-publisher-node-sujithmalladi-029/build/ros2_publisher': CMAKE_PREFIX_PATH=${CMAKE_PREFIX_PATH}:/opt/ros/jazzy DEBUGINFOD_URLS=https://debuginfod.ubuntu.com /usr/bin/cmake /home/malladi-sujith-babu/ros2_ws/src/assignment-ros2-c-publisher-node-sujithmalladi-029 -DCMAKE_INSTALL_PREFIX=/home/malladi-sujith-babu/ros2_ws/src/assignment-ros2-c-publisher-node-sujithmalladi-029/install/ros2_publisher
[1.609s] DEBUG:colcon.colcon_core.event_handler.log_command:Invoked command in '/home/malladi-sujith-babu/ros2_ws/src/assignment-ros2-c-publisher-node-sujithmalladi-029/build/ros2_publisher' returned '0': CMAKE_PREFIX_PATH=${CMAKE_PREFIX_PATH}:/opt/ros/jazzy DEBUGINFOD_URLS=https://debuginfod.ubuntu.com /usr/bin/cmake /home/malladi-sujith-babu/ros2_ws/src/assignment-ros2-c-publisher-node-sujithmalladi-029 -DCMAKE_INSTALL_PREFIX=/home/malladi-sujith-babu/ros2_ws/src/assignment-ros2-c-publisher-node-sujithmalladi-029/install/ros2_publisher
[1.609s] DEBUG:colcon.colcon_core.event_handler.log_command:Invoking command in '/home/malladi-sujith-babu/ros2_ws/src/assignment-ros2-c-publisher-node-sujithmalladi-029/build/ros2_publisher': CMAKE_PREFIX_PATH=${CMAKE_PREFIX_PATH}:/opt/ros/jazzy DEBUGINFOD_URLS=https://debuginfod.ubuntu.com /usr/bin/cmake --build /home/malladi-sujith-babu/ros2_ws/src/assignment-ros2-c-publisher-node-sujithmalladi-029/build/ros2_publisher -- -j12 -l12
[4.226s] DEBUG:colcon.colcon_core.event_handler.log_command:Invoked command in '/home/malladi-sujith-babu/ros2_ws/src/assignment-ros2-c-publisher-node-sujithmalladi-029/build/ros2_publisher' returned '0': CMAKE_PREFIX_PATH=${CMAKE_PREFIX_PATH}:/opt/ros/jazzy DEBUGINFOD_URLS=https://debuginfod.ubuntu.com /usr/bin/cmake --build /home/malladi-sujith-babu/ros2_ws/src/assignment-ros2-c-publisher-node-sujithmalladi-029/build/ros2_publisher -- -j12 -l12
[4.238s] DEBUG:colcon.colcon_core.event_handler.log_command:Invoking command in '/home/malladi-sujith-babu/ros2_ws/src/assignment-ros2-c-publisher-node-sujithmalladi-029/build/ros2_publisher': CMAKE_PREFIX_PATH=${CMAKE_PREFIX_PATH}:/opt/ros/jazzy DEBUGINFOD_URLS=https://debuginfod.ubuntu.com /usr/bin/cmake --install /home/malladi-sujith-babu/ros2_ws/src/assignment-ros2-c-publisher-node-sujithmalladi-029/build/ros2_publisher
[4.249s] Level 1:colcon.colcon_core.environment:create_environment_scripts_only(ros2_publisher)
[4.249s] DEBUG:colcon.colcon_core.event_handler.log_command:Invoked command in '/home/malladi-sujith-babu/ros2_ws/src/assignment-ros2-c-publisher-node-sujithmalladi-029/build/ros2_publisher' returned '0': CMAKE_PREFIX_PATH=${CMAKE_PREFIX_PATH}:/opt/ros/jazzy DEBUGINFOD_URLS=https://debuginfod.ubuntu.com /usr/bin/cmake --install /home/malladi-sujith-babu/ros2_ws/src/assignment-ros2-c-publisher-node-sujithmalladi-029/build/ros2_publisher
[4.253s] Level 1:colcon.colcon_core.environment:checking '/home/malladi-sujith-babu/ros2_ws/src/assignment-ros2-c-publisher-node-sujithmalladi-029/install/ros2_publisher' for CMake module files
[4.254s] Level 1:colcon.colcon_core.environment:checking '/home/malladi-sujith-babu/ros2_ws/src/assignment-ros2-c-publisher-node-sujithmalladi-029/install/ros2_publisher' for CMake config files
[4.254s] Level 1:colcon.colcon_core.shell:create_environment_hook('ros2_publisher', 'cmake_prefix_path')
[4.254s] INFO:colcon.colcon_core.shell:Creating environment hook '/home/malladi-sujith-babu/ros2_ws/src/assignment-ros2-c-publisher-node-sujithmalladi-029/install/ros2_publisher/share/ros2_publisher/hook/cmake_prefix_path.ps1'
[4.255s] INFO:colcon.colcon_core.shell:Creating environment descriptor '/home/malladi-sujith-babu/ros2_ws/src/assignment-ros2-c-publisher-node-sujithmalladi-029/install/ros2_publisher/share/ros2_publisher/hook/cmake_prefix_path.dsv'
[4.255s] INFO:colcon.colcon_core.shell:Creating environment hook '/home/malladi-sujith-babu/ros2_ws/src/assignment-ros2-c-publisher-node-sujithmalladi-029/install/ros2_publisher/share/ros2_publisher/hook/cmake_prefix_path.sh'
[4.256s] Level 1:colcon.colcon_core.environment:checking '/home/malladi-sujith-babu/ros2_ws/src/assignment-ros2-c-publisher-node-sujithmalladi-029/install/ros2_publisher/lib'
[4.256s] Level 1:colcon.colcon_core.environment:checking '/home/malladi-sujith-babu/ros2_ws/src/assignment-ros2-c-publisher-node-sujithmalladi-029/install/ros2_publisher/bin'
[4.256s] Level 1:colcon.colcon_core.environment:checking '/home/malladi-sujith-babu/ros2_ws/src/assignment-ros2-c-publisher-node-sujithmalladi-029/install/ros2_publisher/lib/pkgconfig/ros2_publisher.pc'
[4.256s] Level 1:colcon.colcon_core.environment:checking '/home/malladi-sujith-babu/ros2_ws/src/assignment-ros2-c-publisher-node-sujithmalladi-029/install/ros2_publisher/lib/python3.12/site-packages'
[4.257s] Level 1:colcon.colcon_core.environment:checking '/home/malladi-sujith-babu/ros2_ws/src/assignment-ros2-c-publisher-node-sujithmalladi-029/install/ros2_publisher/bin'
[4.257s] INFO:colcon.colcon_core.shell:Creating package script '/home/malladi-sujith-babu/ros2_ws/src/assignment-ros2-c-publisher-node-sujithmalladi-029/install/ros2_publisher/share/ros2_publisher/package.ps1'
[4.258s] INFO:colcon.colcon_core.shell:Creating package descriptor '/home/malladi-sujith-babu/ros2_ws/src/assignment-ros2-c-publisher-node-sujithmalladi-029/install/ros2_publisher/share/ros2_publisher/package.dsv'
[4.258s] INFO:colcon.colcon_core.shell:Creating package script '/home/malladi-sujith-babu/ros2_ws/src/assignment-ros2-c-publisher-node-sujithmalladi-029/install/ros2_publisher/share/ros2_publisher/package.sh'
[4.259s] INFO:colcon.colcon_core.shell:Creating package script '/home/malladi-sujith-babu/ros2_ws/src/assignment-ros2-c-publisher-node-sujithmalladi-029/install/ros2_publisher/share/ros2_publisher/package.bash'
[4.260s] INFO:colcon.colcon_core.shell:Creating package script '/home/malladi-sujith-babu/ros2_ws/src/assignment-ros2-c-publisher-node-sujithmalladi-029/install/ros2_publisher/share/ros2_publisher/package.zsh'
[4.261s] Level 1:colcon.colcon_core.environment:create_file_with_runtime_dependencies(/home/malladi-sujith-babu/ros2_ws/src/assignment-ros2-c-publisher-node-sujithmalladi-029/install/ros2_publisher/share/colcon-core/packages/ros2_publisher)
[4.262s] Level 1:colcon.colcon_core.environment:create_environment_scripts_only(ros2_publisher)
[4.262s] Level 1:colcon.colcon_core.environment:checking '/home/malladi-sujith-babu/ros2_ws/src/assignment-ros2-c-publisher-node-sujithmalladi-029/install/ros2_publisher' for CMake module files
[4.263s] Level 1:colcon.colcon_core.environment:checking '/home/malladi-sujith-babu/ros2_ws/src/assignment-ros2-c-publisher-node-sujithmalladi-029/install/ros2_publisher' for CMake config files
[4.263s] Level 1:colcon.colcon_core.shell:create_environment_hook('ros2_publisher', 'cmake_prefix_path')
[4.263s] INFO:colcon.colcon_core.shell:Creating environment hook '/home/malladi-sujith-babu/ros2_ws/src/assignment-ros2-c-publisher-node-sujithmalladi-029/install/ros2_publisher/share/ros2_publisher/hook/cmake_prefix_path.ps1'
[4.264s] INFO:colcon.colcon_core.shell:Creating environment descriptor '/home/malladi-sujith-babu/ros2_ws/src/assignment-ros2-c-publisher-node-sujithmalladi-029/install/ros2_publisher/share/ros2_publisher/hook/cmake_prefix_path.dsv'
[4.264s] INFO:colcon.colcon_core.shell:Creating environment hook '/home/malladi-sujith-babu/ros2_ws/src/assignment-ros2-c-publisher-node-sujithmalladi-029/install/ros2_publisher/share/ros2_publisher/hook/cmake_prefix_path.sh'
[4.265s] Level 1:colcon.colcon_core.environment:checking '/home/malladi-sujith-babu/ros2_ws/src/assignment-ros2-c-publisher-node-sujithmalladi-029/install/ros2_publisher/lib'
[4.265s] Level 1:colcon.colcon_core.environment:checking '/home/malladi-sujith-babu/ros2_ws/src/assignment-ros2-c-publisher-node-sujithmalladi-029/install/ros2_publisher/bin'
[4.265s] Level 1:colcon.colcon_core.environment:checking '/home/malladi-sujith-babu/ros2_ws/src/assignment-ros2-c-publisher-node-sujithmalladi-029/install/ros2_publisher/lib/pkgconfig/ros2_publisher.pc'
[4.265s] Level 1:colcon.colcon_core.environment:checking '/home/malladi-sujith-babu/ros2_ws/src/assignment-ros2-c-publisher-node-sujithmalladi-029/install/ros2_publisher/lib/python3.12/site-packages'
[4.265s] Level 1:colcon.colcon_core.environment:checking '/home/malladi-sujith-babu/ros2_ws/src/assignment-ros2-c-publisher-node-sujithmalladi-029/install/ros2_publisher/bin'
[4.266s] INFO:colcon.colcon_core.shell:Creating package script '/home/malladi-sujith-babu/ros2_ws/src/assignment-ros2-c-publisher-node-sujithmalladi-029/install/ros2_publisher/share/ros2_publisher/package.ps1'
[4.266s] INFO:colcon.colcon_core.shell:Creating package descriptor '/home/malladi-sujith-babu/ros2_ws/src/assignment-ros2-c-publisher-node-sujithmalladi-029/install/ros2_publisher/share/ros2_publisher/package.dsv'
[4.267s] INFO:colcon.colcon_core.shell:Creating package script '/home/malladi-sujith-babu/ros2_ws/src/assignment-ros2-c-publisher-node-sujithmalladi-029/install/ros2_publisher/share/ros2_publisher/package.sh'
[4.267s] INFO:colcon.colcon_core.shell:Creating package script '/home/malladi-sujith-babu/ros2_ws/src/assignment-ros2-c-publisher-node-sujithmalladi-029/install/ros2_publisher/share/ros2_publisher/package.bash'
[4.267s] INFO:colcon.colcon_core.shell:Creating package script '/home/malladi-sujith-babu/ros2_ws/src/assignment-ros2-c-publisher-node-sujithmalladi-029/install/ros2_publisher/share/ros2_publisher/package.zsh'
[4.267s] Level 1:colcon.colcon_core.environment:create_file_with_runtime_dependencies(/home/malladi-sujith-babu/ros2_ws/src/assignment-ros2-c-publisher-node-sujithmalladi-029/install/ros2_publisher/share/colcon-core/packages/ros2_publisher)
[4.268s] DEBUG:colcon.colcon_parallel_executor.executor.parallel:closing loop
[4.268s] DEBUG:colcon.colcon_parallel_executor.executor.parallel:loop closed
[4.268s] DEBUG:colcon.colcon_parallel_executor.executor.parallel:run_until_complete finished with '0'
[4.268s] DEBUG:colcon.colcon_core.event_reactor:joining thread
[4.275s] INFO:colcon.colcon_core.plugin_system:Skipping extension 'colcon_notification.desktop_notification.terminal_notifier': Not used on non-Darwin systems
[4.275s] INFO:colcon.colcon_core.plugin_system:Skipping extension 'colcon_notification.desktop_notification.win32': Not used on non-Windows systems
[4.275s] INFO:colcon.colcon_notification.desktop_notification:Sending desktop notification using 'notify2'
[4.297s] DEBUG:colcon.colcon_core.event_reactor:joined thread
[4.297s] INFO:colcon.colcon_core.shell:Creating prefix script '/home/malladi-sujith-babu/ros2_ws/src/assignment-ros2-c-publisher-node-sujithmalladi-029/install/local_setup.ps1'
[4.298s] INFO:colcon.colcon_core.shell:Creating prefix util module '/home/malladi-sujith-babu/ros2_ws/src/assignment-ros2-c-publisher-node-sujithmalladi-029/install/_local_setup_util_ps1.py'
[4.299s] INFO:colcon.colcon_core.shell:Creating prefix chain script '/home/malladi-sujith-babu/ros2_ws/src/assignment-ros2-c-publisher-node-sujithmalladi-029/install/setup.ps1'
[4.300s] INFO:colcon.colcon_core.shell:Creating prefix script '/home/malladi-sujith-babu/ros2_ws/src/assignment-ros2-c-publisher-node-sujithmalladi-029/install/local_setup.sh'
[4.300s] INFO:colcon.colcon_core.shell:Creating prefix util module '/home/malladi-sujith-babu/ros2_ws/src/assignment-ros2-c-publisher-node-sujithmalladi-029/install/_local_setup_util_sh.py'
[4.300s] INFO:colcon.colcon_core.shell:Creating prefix chain script '/home/malladi-sujith-babu/ros2_ws/src/assignment-ros2-c-publisher-node-sujithmalladi-029/install/setup.sh'
[4.301s] INFO:colcon.colcon_core.shell:Creating prefix script '/home/malladi-sujith-babu/ros2_ws/src/assignment-ros2-c-publisher-node-sujithmalladi-029/install/local_setup.bash'
[4.302s] INFO:colcon.colcon_core.shell:Creating prefix chain script '/home/malladi-sujith-babu/ros2_ws/src/assignment-ros2-c-publisher-node-sujithmalladi-029/install/setup.bash'
[4.303s] INFO:colcon.colcon_core.shell:Creating prefix script '/home/malladi-sujith-babu/ros2_ws/src/assignment-ros2-c-publisher-node-sujithmalladi-029/install/local_setup.zsh'
[4.303s] INFO:colcon.colcon_core.shell:Creating prefix chain script '/home/malladi-sujith-babu/ros2_ws/src/assignment-ros2-c-publisher-node-sujithmalladi-029/install/setup.zsh'
